sample.interval=20000
"image.default" "image" 
"image.default" "image" 
"image.default" "image" 
"sub" "methods" "doTryCatch" "tryCatchOne" "tryCatchList" "doTryCatch" "tryCatchOne" "tryCatchList" "tryCatch" "<Anonymous>" "doTryCatch" "tryCatchOne" "tryCatchList" "tryCatch" "eval" "eval" "eval" "eval" "eval.parent" "local" 
"eval" "eval.parent" "local" 
"FUN" "lapply" "methods" "doTryCatch" "tryCatchOne" "tryCatchList" "doTryCatch" "tryCatchOne" "tryCatchList" "tryCatch" "<Anonymous>" "doTryCatch" "tryCatchOne" "tryCatchList" "tryCatch" "eval" "eval" "eval" "eval" "eval.parent" "local" 
"ls" "match" "%in%" "find" "getAnywhere" "<Anonymous>" "do.call" "FUN" "lapply" "unlist" "unique" "<Anonymous>" "doTryCatch" "tryCatchOne" "tryCatchList" "tryCatch" "eval" "eval" "eval" "eval" "eval.parent" "local" 
"%in%" "deparse" "format.default" "format" "paste" "gsub" "eval" "eval" "eval" "eval" "eval.parent" "local" 
"[.factor" "[" "[.data.frame" "[" "rbind" "rbindSome" "methods" "doTryCatch" "tryCatchOne" "tryCatchList" "doTryCatch" "tryCatchOne" "tryCatchList" "tryCatch" "<Anonymous>" "doTryCatch" "tryCatchOne" "tryCatchList" "tryCatch" "eval" "eval" "eval" "eval" "eval.parent" "local" 
"ls" "match" "%in%" "find" "getAnywhere" "<Anonymous>" "do.call" "FUN" "lapply" "unlist" "unique" "<Anonymous>" "doTryCatch" "tryCatchOne" "tryCatchList" "tryCatch" "eval" "eval" "eval" "eval" "eval.parent" "local" 
"ls" "match" "%in%" "find" "getAnywhere" "<Anonymous>" "do.call" "FUN" "lapply" "unlist" "unique" "<Anonymous>" "doTryCatch" "tryCatchOne" "tryCatchList" "tryCatch" "eval" "eval" "eval" "eval" "eval.parent" "local" 
"ls" "match" "%in%" "find" "getAnywhere" "<Anonymous>" "do.call" "FUN" "lapply" "unlist" "unique" "<Anonymous>" "doTryCatch" "tryCatchOne" "tryCatchList" "tryCatch" "eval" "eval" "eval" "eval" "eval.parent" "local" 
"ls" "match" "%in%" "find" "getAnywhere" "<Anonymous>" "do.call" "FUN" "lapply" "unlist" "unique" "<Anonymous>" "doTryCatch" "tryCatchOne" "tryCatchList" "tryCatch" "eval" "eval" "eval" "eval" "eval.parent" "local" 
"ls" "match" "%in%" "find" "getAnywhere" "<Anonymous>" "do.call" "FUN" "lapply" "unlist" "unique" "<Anonymous>" "doTryCatch" "tryCatchOne" "tryCatchList" "tryCatch" "eval" "eval" "eval" "eval" "eval.parent" "local" 
"ls" "match" "%in%" "find" "getAnywhere" "<Anonymous>" "do.call" "FUN" "lapply" "unlist" "unique" "<Anonymous>" "doTryCatch" "tryCatchOne" "tryCatchList" "tryCatch" "eval" "eval" "eval" "eval" "eval.parent" "local" 
"ls" "match" "%in%" "find" "getAnywhere" "<Anonymous>" "do.call" "FUN" "lapply" "unlist" "unique" "<Anonymous>" "doTryCatch" "tryCatchOne" "tryCatchList" "tryCatch" "eval" "eval" "eval" "eval" "eval.parent" "local" 
"ls" "match" "%in%" "find" "getAnywhere" "<Anonymous>" "do.call" "FUN" "lapply" "unlist" "unique" "<Anonymous>" "doTryCatch" "tryCatchOne" "tryCatchList" "tryCatch" "eval" "eval" "eval" "eval" "eval.parent" "local" 
"ls" "match" "%in%" "find" "getAnywhere" "<Anonymous>" "do.call" "FUN" "lapply" "unlist" "unique" "<Anonymous>" "doTryCatch" "tryCatchOne" "tryCatchList" "tryCatch" "eval" "eval" "eval" "eval" "eval.parent" "local" 
"ls" "match" "%in%" "find" "getAnywhere" "<Anonymous>" "do.call" "FUN" "lapply" "unlist" "unique" "<Anonymous>" "doTryCatch" "tryCatchOne" "tryCatchList" "tryCatch" "eval" "eval" "eval" "eval" "eval.parent" "local" 
"ls" "match" "%in%" "find" "getAnywhere" "<Anonymous>" "do.call" "FUN" "lapply" "unlist" "unique" "<Anonymous>" "doTryCatch" "tryCatchOne" "tryCatchList" "tryCatch" "eval" "eval" "eval" "eval" "eval.parent" "local" 
"ls" "match" "%in%" "find" "getAnywhere" "<Anonymous>" "do.call" "FUN" "lapply" "unlist" "unique" "<Anonymous>" "doTryCatch" "tryCatchOne" "tryCatchList" "tryCatch" "eval" "eval" "eval" "eval" "eval.parent" "local" 
"ls" "match" "%in%" "find" "getAnywhere" "<Anonymous>" "do.call" "FUN" "lapply" "unlist" "unique" "<Anonymous>" "doTryCatch" "tryCatchOne" "tryCatchList" "tryCatch" "eval" "eval" "eval" "eval" "eval.parent" "local" 
"ls" "match" "%in%" "find" "getAnywhere" "<Anonymous>" "do.call" "FUN" "lapply" "unlist" "unique" "<Anonymous>" "doTryCatch" "tryCatchOne" "tryCatchList" "tryCatch" "eval" "eval" "eval" "eval" "eval.parent" "local" 
"getAnywhere" "<Anonymous>" "do.call" "FUN" "lapply" "unlist" "unique" "<Anonymous>" "doTryCatch" "tryCatchOne" "tryCatchList" "tryCatch" "eval" "eval" "eval" "eval" "eval.parent" "local" 
"ls" "match" "%in%" "find" "getAnywhere" "<Anonymous>" "do.call" "FUN" "lapply" "unlist" "unique" "<Anonymous>" "doTryCatch" "tryCatchOne" "tryCatchList" "tryCatch" "eval" "eval" "eval" "eval" "eval.parent" "local" 
"structure" "find" "getAnywhere" "<Anonymous>" "do.call" "FUN" "lapply" "unlist" "unique" "<Anonymous>" "doTryCatch" "tryCatchOne" "tryCatchList" "tryCatch" "eval" "eval" "eval" "eval" "eval.parent" "local" 
"ls" "match" "%in%" "find" "getAnywhere" "<Anonymous>" "do.call" "FUN" "lapply" "unlist" "unique" "<Anonymous>" "doTryCatch" "tryCatchOne" "tryCatchList" "tryCatch" "eval" "eval" "eval" "eval" "eval.parent" "local" 
"ls" "match" "%in%" "find" "getAnywhere" "<Anonymous>" "do.call" "FUN" "lapply" "unlist" "unique" "<Anonymous>" "doTryCatch" "tryCatchOne" "tryCatchList" "tryCatch" "eval" "eval" "eval" "eval" "eval.parent" "local" 
"ls" "match" "%in%" "find" "getAnywhere" "<Anonymous>" "do.call" "FUN" "lapply" "unlist" "unique" "<Anonymous>" "doTryCatch" "tryCatchOne" "tryCatchList" "tryCatch" "eval" "eval" "eval" "eval" "eval.parent" "local" 
"ls" "match" "%in%" "find" "getAnywhere" "<Anonymous>" "do.call" "FUN" "lapply" "unlist" "unique" "<Anonymous>" "doTryCatch" "tryCatchOne" "tryCatchList" "tryCatch" "eval" "eval" "eval" "eval" "eval.parent" "local" 
"ls" "match" "%in%" "find" "getAnywhere" "<Anonymous>" "do.call" "FUN" "lapply" "unlist" "unique" "<Anonymous>" "doTryCatch" "tryCatchOne" "tryCatchList" "tryCatch" "eval" "eval" "eval" "eval" "eval.parent" "local" 
"ls" "match" "%in%" "find" "getAnywhere" "<Anonymous>" "do.call" "FUN" "lapply" "unlist" "unique" "<Anonymous>" "doTryCatch" "tryCatchOne" "tryCatchList" "tryCatch" "eval" "eval" "eval" "eval" "eval.parent" "local" 
"ls" "match" "%in%" "find" "getAnywhere" "<Anonymous>" "do.call" "FUN" "lapply" "unlist" "unique" "<Anonymous>" "doTryCatch" "tryCatchOne" "tryCatchList" "tryCatch" "eval" "eval" "eval" "eval" "eval.parent" "local" 
"ls" "match" "%in%" "find" "getAnywhere" "<Anonymous>" "do.call" "FUN" "lapply" "unlist" "unique" "<Anonymous>" "doTryCatch" "tryCatchOne" "tryCatchList" "tryCatch" "eval" "eval" "eval" "eval" "eval.parent" "local" 
"ls" "match" "%in%" "find" "getAnywhere" "<Anonymous>" "do.call" "FUN" "lapply" "unlist" "unique" "<Anonymous>" "doTryCatch" "tryCatchOne" "tryCatchList" "tryCatch" "eval" "eval" "eval" "eval" "eval.parent" "local" 
"ls" "match" "%in%" "find" "getAnywhere" "<Anonymous>" "do.call" "FUN" "lapply" "unlist" "unique" "<Anonymous>" "doTryCatch" "tryCatchOne" "tryCatchList" "tryCatch" "eval" "eval" "eval" "eval" "eval.parent" "local" 
"ls" "match" "%in%" "find" "getAnywhere" "<Anonymous>" "do.call" "FUN" "lapply" "unlist" "unique" "<Anonymous>" "doTryCatch" "tryCatchOne" "tryCatchList" "tryCatch" "eval" "eval" "eval" "eval" "eval.parent" "local" 
"ls" "match" "%in%" "find" "getAnywhere" "<Anonymous>" "do.call" "FUN" "lapply" "unlist" "unique" "<Anonymous>" "doTryCatch" "tryCatchOne" "tryCatchList" "tryCatch" "eval" "eval" "eval" "eval" "eval.parent" "local" 
"ls" "match" "%in%" "find" "getAnywhere" "<Anonymous>" "do.call" "FUN" "lapply" "unlist" "unique" "<Anonymous>" "doTryCatch" "tryCatchOne" "tryCatchList" "tryCatch" "eval" "eval" "eval" "eval" "eval.parent" "local" 
"ls" "match" "%in%" "find" "getAnywhere" "<Anonymous>" "do.call" "FUN" "lapply" "unlist" "unique" "<Anonymous>" "doTryCatch" "tryCatchOne" "tryCatchList" "tryCatch" "eval" "eval" "eval" "eval" "eval.parent" "local" 
"file.info" "match" "%in%" "library" "eval" "eval" "withVisible" "source" 
"simulate" "bathy" "run" "test" 
"sumGrid.sumSimple" "sumGrid" "sensors" "run" "test" 
"getArea" "sumGrid.sumSimple" "sumGrid" "sensors" "run" "test" 
"sumGrid.sumSimple" "sumGrid" "sensors" "run" "test" 
"getArea" "sumGrid.sumSimple" "sumGrid" "sensors" "run" "test" 
"min" "getArea" "sumGrid.sumSimple" "sumGrid" "sensors" "run" "test" 
"getArea" "sumGrid.sumSimple" "sumGrid" "sensors" "run" "test" 
"sumGrid.sumSimple" "sumGrid" "sensors" "run" "test" 
"getArea" "sumGrid.sumSimple" "sumGrid" "sensors" "run" "test" 
"getArea" "sumGrid.sumSimple" "sumGrid" "sensors" "run" "test" 
"list" "getArea" "sumGrid.sumSimple" "sumGrid" "sensors" "run" "test" 
"getArea" "sumGrid.sumSimple" "sumGrid" "sensors" "run" "test" 
"getArea" "sumGrid.sumSimple" "sumGrid" "sensors" "run" "test" 
"sumGrid.sumSimple" "sumGrid" "sensors" "run" "test" 
"sumGrid.sumSimple" "sumGrid" "sensors" "run" "test" 
"sumGrid.sumSimple" "sumGrid" "sensors" "run" "test" 
"getArea" "sumGrid.sumSimple" "sumGrid" "sensors" "run" "test" 
"getArea" "sumGrid.sumSimple" "sumGrid" "sensors" "run" "test" 
"min" "getArea" "sumGrid.sumSimple" "sumGrid" "sensors" "run" "test" 
"sumGrid.sumSimple" "sumGrid" "sensors" "run" "test" 
"getArea" "sumGrid.sumSimple" "sumGrid" "sensors" "run" "test" 
"getArea" "sumGrid.sumSimple" "sumGrid" "sensors" "run" "test" 
"sumGrid.sumSimple" "sumGrid" "sensors" "run" "test" 
"max" "getArea" "sumGrid.sumSimple" "sumGrid" "sensors" "run" "test" 
"sumGrid.sumSimple" "sumGrid" "sensors" "run" "test" 
"sumGrid.sumSimple" "sumGrid" "sensors" "run" "test" 
"max" "getArea" "sumGrid.sumSimple" "sumGrid" "sensors" "run" "test" 
"sumGrid.sumSimple" "sumGrid" "sensors" "run" "test" 
"sumGrid.sumSimple" "sumGrid" "sensors" "run" "test" 
"sumGrid.sumSimple" "sumGrid" "sensors" "run" "test" 
"sumGrid.sumSimple" "sumGrid" "sensors" "run" "test" 
"getArea" "sumGrid.sumSimple" "sumGrid" "sensors" "run" "test" 
"getArea" "sumGrid.sumSimple" "sumGrid" "sensors" "run" "test" 
"sum" "sumGrid.sumSimple" "sumGrid" "sensors" "run" "test" 
"sumGrid.sumSimple" "sumGrid" "sensors" "run" "test" 
"list" "getArea" "sumGrid.sumSimple" "sumGrid" "sensors" "run" "test" 
"sensors" "run" "test" 
"sqrt" "stats" "run" "test" 
"dnorm" "shape.gauss" "do.call" "stats" "run" "test" 
"stats" "run" "test" 
"image.default" "image" "graph" "run" "test" 
"points" "graph" "run" "test" 
"contour.default" "contour" "graph" "run" "test" 
"contour.default" "contour" "graph" "run" "test" 
"image.default" "image" "graph" "run" "test" 
"image.default" "image" "graph" "run" "test" 
"diff" "image.default" "image" "graph" "run" "test" 
"image.default" "image" "graph" "run" "test" 
"range" "range" "diff" "image.default" "image" "graph" "run" "test" 
"image.default" "image" "graph" "run" "test" 
"dev.off" "graph" "run" "test" 
"<Anonymous>" "dev.hold" "plot.default" "plot" "image.default" "image" 
"plot.new" "plot.default" "plot" "image.default" "image" 
"image.default" "image" 
"image.default" "image" 
"image.default" "image" 
"sumGrid.sumSimple" "sumGrid" "sensors" "run" "test" 
"getArea" "sumGrid.sumSimple" "sumGrid" "sensors" "run" "test" 
"sumGrid.sumSimple" "sumGrid" "sensors" "run" "test" 
"+" "getArea" "sumGrid.sumSimple" "sumGrid" "sensors" "run" "test" 
"sumGrid.sumSimple" "sumGrid" "sensors" "run" "test" 
"min" "getArea" "sumGrid.sumSimple" "sumGrid" "sensors" "run" "test" 
"sumGrid.sumSimple" "sumGrid" "sensors" "run" "test" 
"sum" "sumGrid.sumSimple" "sumGrid" "sensors" "run" "test" 
"getArea" "sumGrid.sumSimple" "sumGrid" "sensors" "run" "test" 
"getArea" "sumGrid.sumSimple" "sumGrid" "sensors" "run" "test" 
"sumGrid.sumSimple" "sumGrid" "sensors" "run" "test" 
"sumGrid.sumSimple" "sumGrid" "sensors" "run" "test" 
"min" "getArea" "sumGrid.sumSimple" "sumGrid" "sensors" "run" "test" 
":" "sumGrid.sumSimple" "sumGrid" "sensors" "run" "test" 
"sumGrid.sumSimple" "sumGrid" "sensors" "run" "test" 
"sum" "sumGrid.sumSimple" "sumGrid" "sensors" "run" "test" 
"sum" "sumGrid.sumSimple" "sumGrid" "sensors" "run" "test" 
"getArea" "sumGrid.sumSimple" "sumGrid" "sensors" "run" "test" 
"getArea" "sumGrid.sumSimple" "sumGrid" "sensors" "run" "test" 
"sumGrid.sumSimple" "sumGrid" "sensors" "run" "test" 
"getArea" "sumGrid.sumSimple" "sumGrid" "sensors" "run" "test" 
"getArea" "sumGrid.sumSimple" "sumGrid" "sensors" "run" "test" 
"sumGrid.sumSimple" "sumGrid" "sensors" "run" "test" 
"sumGrid.sumSimple" "sumGrid" "sensors" "run" "test" 
"getArea" "sumGrid.sumSimple" "sumGrid" "sensors" "run" "test" 
"getArea" "sumGrid.sumSimple" "sumGrid" "sensors" "run" "test" 
"max" "getArea" "sumGrid.sumSimple" "sumGrid" "sensors" "run" "test" 
"list" "getArea" "sumGrid.sumSimple" "sumGrid" "sensors" "run" "test" 
"sumGrid.sumSimple" "sumGrid" "sensors" "run" "test" 
"sumGrid.sumSimple" "sumGrid" "sensors" "run" "test" 
"sumGrid.sumSimple" "sumGrid" "sensors" "run" "test" 
"getArea" "sumGrid.sumSimple" "sumGrid" "sensors" "run" "test" 
"getArea" "sumGrid.sumSimple" "sumGrid" "sensors" "run" "test" 
"max" "getArea" "sumGrid.sumSimple" "sumGrid" "sensors" "run" "test" 
"getArea" "sumGrid.sumSimple" "sumGrid" "sensors" "run" "test" 
"stats" "run" "test" 
"dnorm" "shape.gauss" "do.call" "stats" "run" "test" 
"dnorm" "shape.gauss" "do.call" "stats" "run" "test" 
"image.default" "image" "graph" "run" "test" 
"image.default" "image" "graph" "run" "test" 
"contour.default" "contour" "graph" "run" "test" 
"dev.off" "graph" "run" "test" 
"dev.off" "graph" "run" "test" 
"image.default" "image" "graph" "run" "test" 
"dev.off" "graph" "run" "test" 
"image.default" "image" "graph" "run" "test" 
"dev.off" "graph" "run" "test" 
"image.default" "image" 
"<Anonymous>" "dev.hold" "plot.default" "plot" "image.default" "image" 
"image.default" "image" 
"image.default" "image" 
"sub" "methods" "doTryCatch" "tryCatchOne" "tryCatchList" "doTryCatch" "tryCatchOne" "tryCatchList" "tryCatch" "<Anonymous>" "doTryCatch" "tryCatchOne" "tryCatchList" "tryCatch" "eval" "eval" "eval" "eval" "eval.parent" "local" 
"tryCatch" "eval" "eval" "eval" "eval" "eval.parent" "local" 
"ls" "match" "%in%" "find" "getAnywhere" "<Anonymous>" "do.call" "FUN" "lapply" "unlist" "unique" "<Anonymous>" "doTryCatch" "tryCatchOne" "tryCatchList" "tryCatch" "eval" "eval" "eval" "eval" "eval.parent" "local" 
"structure" "makeRestart" "makeRestartList" "withRestarts" ".signalSimpleWarning" "as.numeric" "checkParams" "run" "test" 
"getArea" "sumGrid.sumSimple" "sumGrid" "sensors" "run" "test" 
"sumGrid.sumSimple" "sumGrid" "sensors" "run" "test" 
"sumGrid.sumSimple" "sumGrid" "sensors" "run" "test" 
"getArea" "sumGrid.sumSimple" "sumGrid" "sensors" "run" "test" 
"sumGrid.sumSimple" "sumGrid" "sensors" "run" "test" 
"sumGrid.sumSimple" "sumGrid" "sensors" "run" "test" 
"sumGrid.sumSimple" "sumGrid" "sensors" "run" "test" 
"getArea" "sumGrid.sumSimple" "sumGrid" "sensors" "run" "test" 
"getArea" "sumGrid.sumSimple" "sumGrid" "sensors" "run" "test" 
"sumGrid.sumSimple" "sumGrid" "sensors" "run" "test" 
"max" "getArea" "sumGrid.sumSimple" "sumGrid" "sensors" "run" "test" 
"getArea" "sumGrid.sumSimple" "sumGrid" "sensors" "run" "test" 
"getArea" "sumGrid.sumSimple" "sumGrid" "sensors" "run" "test" 
"getArea" "sumGrid.sumSimple" "sumGrid" "sensors" "run" "test" 
"getArea" "sumGrid.sumSimple" "sumGrid" "sensors" "run" "test" 
"list" "getArea" "sumGrid.sumSimple" "sumGrid" "sensors" "run" "test" 
"sumGrid.sumSimple" "sumGrid" "sensors" "run" "test" 
"getArea" "sumGrid.sumSimple" "sumGrid" "sensors" "run" "test" 
"sum" "sumGrid.sumSimple" "sumGrid" "sensors" "run" "test" 
"min" "getArea" "sumGrid.sumSimple" "sumGrid" "sensors" "run" "test" 
"getArea" "sumGrid.sumSimple" "sumGrid" "sensors" "run" "test" 
"list" "getArea" "sumGrid.sumSimple" "sumGrid" "sensors" "run" "test" 
"getArea" "sumGrid.sumSimple" "sumGrid" "sensors" "run" "test" 
"sumGrid.sumSimple" "sumGrid" "sensors" "run" "test" 
"+" "getArea" "sumGrid.sumSimple" "sumGrid" "sensors" "run" "test" 
"getArea" "sumGrid.sumSimple" "sumGrid" "sensors" "run" "test" 
"sumGrid.sumSimple" "sumGrid" "sensors" "run" "test" 
"getArea" "sumGrid.sumSimple" "sumGrid" "sensors" "run" "test" 
"sumGrid.sumSimple" "sumGrid" "sensors" "run" "test" 
"getArea" "sumGrid.sumSimple" "sumGrid" "sensors" "run" "test" 
"-" "getArea" "sumGrid.sumSimple" "sumGrid" "sensors" "run" "test" 
"max" "getArea" "sumGrid.sumSimple" "sumGrid" "sensors" "run" "test" 
":" "sumGrid.sumSimple" "sumGrid" "sensors" "run" "test" 
"getArea" "sumGrid.sumSimple" "sumGrid" "sensors" "run" "test" 
"sum" "sumGrid.sumSimple" "sumGrid" "sensors" "run" "test" 
"^" "stats" "run" "test" 
"dnorm" "shape.gauss" "do.call" "stats" "run" "test" 
"dnorm" "shape.gauss" "do.call" "stats" "run" "test" 
"image.default" "image" "graph" "run" "test" 
"image.default" "image" "graph" "run" "test" 
"contour.default" "contour" "graph" "run" "test" 
"dev.off" "graph" "run" "test" 
"image.default" "image" "graph" "run" "test" 
"image.default" "image" "graph" "run" "test" 
"image.default" "image" "graph" "run" "test" 
"dev.off" "graph" "run" "test" 
"matrix" "simulate" "bathy" "run" "test" 
"<Anonymous>" "dev.hold" "plot.default" "plot" "image.default" "image" "fish" "run" "test" 
"image.default" "image" "fish" "run" "test" 
"getArea" "sumGrid.sumSimple" "sumGrid" "sensors" "run" "test" 
"sum" "sumGrid.sumSimple" "sumGrid" "sensors" "run" "test" 
"getArea" "sumGrid.sumSimple" "sumGrid" "sensors" "run" "test" 
"list" "getArea" "sumGrid.sumSimple" "sumGrid" "sensors" "run" "test" 
"sumGrid.sumSimple" "sumGrid" "sensors" "run" "test" 
"getArea" "sumGrid.sumSimple" "sumGrid" "sensors" "run" "test" 
"sumGrid.sumSimple" "sumGrid" "sensors" "run" "test" 
"min" "getArea" "sumGrid.sumSimple" "sumGrid" "sensors" "run" "test" 
"sumGrid.sumSimple" "sumGrid" "sensors" "run" "test" 
"getArea" "sumGrid.sumSimple" "sumGrid" "sensors" "run" "test" 
"sumGrid.sumSimple" "sumGrid" "sensors" "run" "test" 
"sum" "sumGrid.sumSimple" "sumGrid" "sensors" "run" "test" 
"sumGrid.sumSimple" "sumGrid" "sensors" "run" "test" 
"getArea" "sumGrid.sumSimple" "sumGrid" "sensors" "run" "test" 
"getArea" "sumGrid.sumSimple" "sumGrid" "sensors" "run" "test" 
"sum" "sumGrid.sumSimple" "sumGrid" "sensors" "run" "test" 
"sum" "sumGrid.sumSimple" "sumGrid" "sensors" "run" "test" 
"sumGrid.sumSimple" "sumGrid" "sensors" "run" "test" 
"getArea" "sumGrid.sumSimple" "sumGrid" "sensors" "run" "test" 
"sumGrid.sumSimple" "sumGrid" "sensors" "run" "test" 
"sumGrid.sumSimple" "sumGrid" "sensors" "run" "test" 
"getArea" "sumGrid.sumSimple" "sumGrid" "sensors" "run" "test" 
"sumGrid.sumSimple" "sumGrid" "sensors" "run" "test" 
"sumGrid.sumSimple" "sumGrid" "sensors" "run" "test" 
"min" "getArea" "sumGrid.sumSimple" "sumGrid" "sensors" "run" "test" 
"sumGrid.sumSimple" "sumGrid" "sensors" "run" "test" 
"getArea" "sumGrid.sumSimple" "sumGrid" "sensors" "run" "test" 
"max" "getArea" "sumGrid.sumSimple" "sumGrid" "sensors" "run" "test" 
"getArea" "sumGrid.sumSimple" "sumGrid" "sensors" "run" "test" 
"sumGrid.sumSimple" "sumGrid" "sensors" "run" "test" 
"getArea" "sumGrid.sumSimple" "sumGrid" "sensors" "run" "test" 
"sum" "sumGrid.sumSimple" "sumGrid" "sensors" "run" "test" 
"getArea" "sumGrid.sumSimple" "sumGrid" "sensors" "run" "test" 
"getArea" "sumGrid.sumSimple" "sumGrid" "sensors" "run" "test" 
"getArea" "sumGrid.sumSimple" "sumGrid" "sensors" "run" "test" 
"stats" "run" "test" 
"dnorm" "shape.gauss" "do.call" "stats" "run" "test" 
"dnorm" "shape.gauss" "do.call" "stats" "run" "test" 
"image.default" "image" "graph" "run" "test" 
"plot.xy" "points.default" "points" "graph" "run" "test" 
"contour.default" "contour" "graph" "run" "test" 
"dev.off" "graph" "run" "test" 
"image.default" "image" "graph" "run" "test" 
"image.default" "image" "graph" "run" "test" 
"image.default" "image" "graph" "run" "test" 
"dev.off" "graph" "run" "test" 
"sin" "simulate" "bathy" "run" "test" 
"<Anonymous>" "dev.hold" "plot.default" "plot" "image.default" "image" "fish" "run" "test" 
"image.default" "image" "fish" "run" "test" 
"min" "getArea" "sumGrid.sumSimple" "sumGrid" "sensors" "run" "test" 
"min" "getArea" "sumGrid.sumSimple" "sumGrid" "sensors" "run" "test" 
"list" "getArea" "sumGrid.sumSimple" "sumGrid" "sensors" "run" "test" 
"getArea" "sumGrid.sumSimple" "sumGrid" "sensors" "run" "test" 
"getArea" "sumGrid.sumSimple" "sumGrid" "sensors" "run" "test" 
"getArea" "sumGrid.sumSimple" "sumGrid" "sensors" "run" "test" 
"getArea" "sumGrid.sumSimple" "sumGrid" "sensors" "run" "test" 
"max" "getArea" "sumGrid.sumSimple" "sumGrid" "sensors" "run" "test" 
"sumGrid.sumSimple" "sumGrid" "sensors" "run" "test" 
"sum" "sumGrid.sumSimple" "sumGrid" "sensors" "run" "test" 
"getArea" "sumGrid.sumSimple" "sumGrid" "sensors" "run" "test" 
"-" "getArea" "sumGrid.sumSimple" "sumGrid" "sensors" "run" "test" 
"min" "getArea" "sumGrid.sumSimple" "sumGrid" "sensors" "run" "test" 
"sumGrid.sumSimple" "sumGrid" "sensors" "run" "test" 
"getArea" "sumGrid.sumSimple" "sumGrid" "sensors" "run" "test" 
"min" "getArea" "sumGrid.sumSimple" "sumGrid" "sensors" "run" "test" 
"sum" "sumGrid.sumSimple" "sumGrid" "sensors" "run" "test" 
"list" "getArea" "sumGrid.sumSimple" "sumGrid" "sensors" "run" "test" 
"sumGrid.sumSimple" "sumGrid" "sensors" "run" "test" 
"sum" "sumGrid.sumSimple" "sumGrid" "sensors" "run" "test" 
"sumGrid.sumSimple" "sumGrid" "sensors" "run" "test" 
"getArea" "sumGrid.sumSimple" "sumGrid" "sensors" "run" "test" 
"sumGrid.sumSimple" "sumGrid" "sensors" "run" "test" 
"sumGrid.sumSimple" "sumGrid" "sensors" "run" "test" 
"min" "getArea" "sumGrid.sumSimple" "sumGrid" "sensors" "run" "test" 
"sumGrid.sumSimple" "sumGrid" "sensors" "run" "test" 
"sumGrid.sumSimple" "sumGrid" "sensors" "run" "test" 
"getArea" "sumGrid.sumSimple" "sumGrid" "sensors" "run" "test" 
"+" "getArea" "sumGrid.sumSimple" "sumGrid" "sensors" "run" "test" 
"getArea" "sumGrid.sumSimple" "sumGrid" "sensors" "run" "test" 
"list" "getArea" "sumGrid.sumSimple" "sumGrid" "sensors" "run" "test" 
"getArea" "sumGrid.sumSimple" "sumGrid" "sensors" "run" "test" 
"sumGrid.sumSimple" "sumGrid" "sensors" "run" "test" 
"getArea" "sumGrid.sumSimple" "sumGrid" "sensors" "run" "test" 
"getArea" "sumGrid.sumSimple" "sumGrid" "sensors" "run" "test" 
"getArea" "sumGrid.sumSimple" "sumGrid" "sensors" "run" "test" 
"stats" "run" "test" 
"dnorm" "shape.gauss" "do.call" "stats" "run" "test" 
"dnorm" "shape.gauss" "do.call" "stats" "run" "test" 
"image.default" "image" "graph" "run" "test" 
"image.default" "image" "graph" "run" "test" 
"contour.default" "contour" "graph" "run" "test" 
"dev.off" "graph" "run" "test" 
"dev.off" "graph" "run" "test" 
"image.default" "image" "graph" "run" "test" 
"diff" "image.default" "image" "graph" "run" "test" 
"image.default" "image" "graph" "run" "test" 
"sin" "simulate" "bathy" "run" "test" 
"<Anonymous>" "dev.hold" "plot.default" "plot" "image.default" "image" "fish" "run" "test" 
"plot.xy" "plot.default" "plot" "image.default" "image" "fish" "run" "test" 
"image.default" "image" "fish" "run" "test" 
"sumGrid.sumSimple" "sumGrid" "sensors" "run" "test" 
"min" "getArea" "sumGrid.sumSimple" "sumGrid" "sensors" "run" "test" 
"getArea" "sumGrid.sumSimple" "sumGrid" "sensors" "run" "test" 
"sumGrid.sumSimple" "sumGrid" "sensors" "run" "test" 
"max" "getArea" "sumGrid.sumSimple" "sumGrid" "sensors" "run" "test" 
"getArea" "sumGrid.sumSimple" "sumGrid" "sensors" "run" "test" 
"list" "getArea" "sumGrid.sumSimple" "sumGrid" "sensors" "run" "test" 
"sumGrid.sumSimple" "sumGrid" "sensors" "run" "test" 
"sumGrid.sumSimple" "sumGrid" "sensors" "run" "test" 
":" "sumGrid.sumSimple" "sumGrid" "sensors" "run" "test" 
"getArea" "sumGrid.sumSimple" "sumGrid" "sensors" "run" "test" 
"sum" "sumGrid.sumSimple" "sumGrid" "sensors" "run" "test" 
"sumGrid.sumSimple" "sumGrid" "sensors" "run" "test" 
"sumGrid.sumSimple" "sumGrid" "sensors" "run" "test" 
"sum" "sumGrid.sumSimple" "sumGrid" "sensors" "run" "test" 
"sumGrid.sumSimple" "sumGrid" "sensors" "run" "test" 
"sumGrid.sumSimple" "sumGrid" "sensors" "run" "test" 
"sumGrid.sumSimple" "sumGrid" "sensors" "run" "test" 
"max" "getArea" "sumGrid.sumSimple" "sumGrid" "sensors" "run" "test" 
"getArea" "sumGrid.sumSimple" "sumGrid" "sensors" "run" "test" 
"getArea" "sumGrid.sumSimple" "sumGrid" "sensors" "run" "test" 
"list" "getArea" "sumGrid.sumSimple" "sumGrid" "sensors" "run" "test" 
"getArea" "sumGrid.sumSimple" "sumGrid" "sensors" "run" "test" 
"getArea" "sumGrid.sumSimple" "sumGrid" "sensors" "run" "test" 
":" "sumGrid.sumSimple" "sumGrid" "sensors" "run" "test" 
"getArea" "sumGrid.sumSimple" "sumGrid" "sensors" "run" "test" 
"max" "getArea" "sumGrid.sumSimple" "sumGrid" "sensors" "run" "test" 
"sumGrid.sumSimple" "sumGrid" "sensors" "run" "test" 
"getArea" "sumGrid.sumSimple" "sumGrid" "sensors" "run" "test" 
"sumGrid.sumSimple" "sumGrid" "sensors" "run" "test" 
"sum" "sumGrid.sumSimple" "sumGrid" "sensors" "run" "test" 
"sumGrid.sumSimple" "sumGrid" "sensors" "run" "test" 
"getArea" "sumGrid.sumSimple" "sumGrid" "sensors" "run" "test" 
"sum" "sumGrid.sumSimple" "sumGrid" "sensors" "run" "test" 
"array" "stats" "run" "test" 
"dnorm" "shape.gauss" "do.call" "stats" "run" "test" 
"dnorm" "shape.gauss" "do.call" "stats" "run" "test" 
"diff" "image.default" "image" "graph" "run" "test" 
"image.default" "image" "graph" "run" "test" 
"contour.default" "contour" "graph" "run" "test" 
"dev.off" "graph" "run" "test" 
"image.default" "image" "graph" "run" "test" 
"points" "graph" "run" "test" 
"title" "localTitle" "plot.default" "plot" "image.default" "image" "graph" "run" "test" 
"image.default" "image" "graph" "run" "test" 
"image.default" "image" "graph" "run" "test" 
"image.default" "image" "graph" "run" "test" 
"unlist" "methods" "doTryCatch" "tryCatchOne" "tryCatchList" "doTryCatch" "tryCatchOne" "tryCatchList" "tryCatch" "<Anonymous>" "doTryCatch" "tryCatchOne" "tryCatchList" "tryCatch" "eval" "eval" "eval" "eval" "eval.parent" "local" 
"sin" "simulate" "bathy" "run" "test" 
"sumGrid.sumSimple" "sumGrid" "sensors" "run" "test" 
"sum" "sumGrid.sumSimple" "sumGrid" "sensors" "run" "test" 
"getArea" "sumGrid.sumSimple" "sumGrid" "sensors" "run" "test" 
"sum" "sumGrid.sumSimple" "sumGrid" "sensors" "run" "test" 
"sumGrid.sumSimple" "sumGrid" "sensors" "run" "test" 
"max" "getArea" "sumGrid.sumSimple" "sumGrid" "sensors" "run" "test" 
"sumGrid.sumSimple" "sumGrid" "sensors" "run" "test" 
"max" "getArea" "sumGrid.sumSimple" "sumGrid" "sensors" "run" "test" 
"sumGrid.sumSimple" "sumGrid" "sensors" "run" "test" 
"sumGrid.sumSimple" "sumGrid" "sensors" "run" "test" 
"min" "getArea" "sumGrid.sumSimple" "sumGrid" "sensors" "run" "test" 
"sumGrid.sumSimple" "sumGrid" "sensors" "run" "test" 
"sumGrid.sumSimple" "sumGrid" "sensors" "run" "test" 
"getArea" "sumGrid.sumSimple" "sumGrid" "sensors" "run" "test" 
"getArea" "sumGrid.sumSimple" "sumGrid" "sensors" "run" "test" 
"getArea" "sumGrid.sumSimple" "sumGrid" "sensors" "run" "test" 
"max" "getArea" "sumGrid.sumSimple" "sumGrid" "sensors" "run" "test" 
"getArea" "sumGrid.sumSimple" "sumGrid" "sensors" "run" "test" 
"getArea" "sumGrid.sumSimple" "sumGrid" "sensors" "run" "test" 
"getArea" "sumGrid.sumSimple" "sumGrid" "sensors" "run" "test" 
"sum" "sumGrid.sumSimple" "sumGrid" "sensors" "run" "test" 
"sumGrid.sumSimple" "sumGrid" "sensors" "run" "test" 
"getArea" "sumGrid.sumSimple" "sumGrid" "sensors" "run" "test" 
"sumGrid.sumSimple" "sumGrid" "sensors" "run" "test" 
"sumGrid.sumSimple" "sumGrid" "sensors" "run" "test" 
"sumGrid.sumSimple" "sumGrid" "sensors" "run" "test" 
"sumGrid.sumSimple" "sumGrid" "sensors" "run" "test" 
"getArea" "sumGrid.sumSimple" "sumGrid" "sensors" "run" "test" 
"sum" "sumGrid.sumSimple" "sumGrid" "sensors" "run" "test" 
"getArea" "sumGrid.sumSimple" "sumGrid" "sensors" "run" "test" 
"sumGrid.sumSimple" "sumGrid" "sensors" "run" "test" 
"getArea" "sumGrid.sumSimple" "sumGrid" "sensors" "run" "test" 
"list" "getArea" "sumGrid.sumSimple" "sumGrid" "sensors" "run" "test" 
"getArea" "sumGrid.sumSimple" "sumGrid" "sensors" "run" "test" 
"sumGrid.sumSimple" "sumGrid" "sensors" "run" "test" 
"which.max" "sensors" "run" "test" 
"array" "stats" "run" "test" 
"dnorm" "shape.gauss" "do.call" "stats" "run" "test" 
"diff.default" "diff" "image.default" "image" "graph" "run" "test" 
"image.default" "image" "graph" "run" "test" 
"contour.default" "contour" "graph" "run" "test" 
"dev.off" "graph" "run" "test" 
"image.default" "image" "graph" "run" "test" 
"plot.xy" "points.default" "points" "graph" "run" "test" 
"image.default" "image" "graph" "run" "test" 
"unlist" "as.list" "par" "plot.xy" "points.default" "points" "graph" "run" "test" 
"image.default" "image" "graph" "run" "test" 
"plot.xy" "points.default" "points" "graph" "run" "test" 
"range" "range" "diff" "image.default" "image" 
"image.default" "image" 
"image.default" "image" 
"image.default" "image" 
"image.default" "image" 
"image.default" "image" 
"deparse" "format.default" "format" "paste" "gsub" "eval" "eval" "eval" "eval" "eval.parent" "local" 
"ls" "match" "%in%" "find" "getAnywhere" "<Anonymous>" "do.call" "FUN" "lapply" "unlist" "unique" "<Anonymous>" "doTryCatch" "tryCatchOne" "tryCatchList" "tryCatch" "eval" "eval" "eval" "eval" "eval.parent" "local" 
"contour.default" "contour" 
"contour.default" "contour" 
"contour.default" "contour" 
"contour.default" "contour" 
"<Anonymous>" "do.call" "dev.new" 
"range" "range" "diff" "image.default" "image" 
"image.default" "image" 
"image.default" "image" 
"sin" "simulate" "bathy" "run" "test" 
"getArea" "sumGrid.sumSimple" "sumGrid" "sensors" "run" "test" 
"getArea" "sumGrid.sumSimple" "sumGrid" "sensors" "run" "test" 
"getArea" "sumGrid.sumSimple" "sumGrid" "sensors" "run" "test" 
"sumGrid.sumSimple" "sumGrid" "sensors" "run" "test" 
"sum" "sumGrid.sumSimple" "sumGrid" "sensors" "run" "test" 
"getArea" "sumGrid.sumSimple" "sumGrid" "sensors" "run" "test" 
"sumGrid.sumSimple" "sumGrid" "sensors" "run" "test" 
"sumGrid.sumSimple" "sumGrid" "sensors" "run" "test" 
"getArea" "sumGrid.sumSimple" "sumGrid" "sensors" "run" "test" 
"sumGrid.sumSimple" "sumGrid" "sensors" "run" "test" 
"min" "getArea" "sumGrid.sumSimple" "sumGrid" "sensors" "run" "test" 
"sumGrid.sumSimple" "sumGrid" "sensors" "run" "test" 
"sumGrid.sumSimple" "sumGrid" "sensors" "run" "test" 
"sum" "sumGrid.sumSimple" "sumGrid" "sensors" "run" "test" 
"sumGrid.sumSimple" "sumGrid" "sensors" "run" "test" 
"sum" "sumGrid.sumSimple" "sumGrid" "sensors" "run" "test" 
"sum" "sumGrid.sumSimple" "sumGrid" "sensors" "run" "test" 
"sum" "sumGrid.sumSimple" "sumGrid" "sensors" "run" "test" 
"sumGrid.sumSimple" "sumGrid" "sensors" "run" "test" 
"list" "getArea" "sumGrid.sumSimple" "sumGrid" "sensors" "run" "test" 
"min" "getArea" "sumGrid.sumSimple" "sumGrid" "sensors" "run" "test" 
"sum" "sumGrid.sumSimple" "sumGrid" "sensors" "run" "test" 
"sum" "sumGrid.sumSimple" "sumGrid" "sensors" "run" "test" 
"sumGrid.sumSimple" "sumGrid" "sensors" "run" "test" 
"getArea" "sumGrid.sumSimple" "sumGrid" "sensors" "run" "test" 
"list" "getArea" "sumGrid.sumSimple" "sumGrid" "sensors" "run" "test" 
"sumGrid.sumSimple" "sumGrid" "sensors" "run" "test" 
"list" "getArea" "sumGrid.sumSimple" "sumGrid" "sensors" "run" "test" 
"list" "getArea" "sumGrid.sumSimple" "sumGrid" "sensors" "run" "test" 
"sumGrid.sumSimple" "sumGrid" "sensors" "run" "test" 
"getArea" "sumGrid.sumSimple" "sumGrid" "sensors" "run" "test" 
"sumGrid.sumSimple" "sumGrid" "sensors" "run" "test" 
"max" "getArea" "sumGrid.sumSimple" "sumGrid" "sensors" "run" "test" 
"max" "getArea" "sumGrid.sumSimple" "sumGrid" "sensors" "run" "test" 
"sumGrid.sumSimple" "sumGrid" "sensors" "run" "test" 
"supression.scale" "do.call" "supress" "sensors" "run" "test" 
"array" "stats" "run" "test" 
"dnorm" "shape.gauss" "do.call" "stats" "run" "test" 
"list" "run" "test" 
"image.default" "image" "graph" "run" "test" 
"image.default" "image" "graph" "run" "test" 
"contour.default" "contour" "graph" "run" "test" 
"dev.off" "graph" "run" "test" 
"image.default" "image" "graph" "run" "test" 
"dev.off" "graph" "run" "test" 
"image.default" "image" "graph" "run" "test" 
"dev.off" "graph" "run" "test" 
"image.default" "image" "graph" "run" "test" 
"dev.off" "graph" "run" "test" 
"image.default" "image" 
"<Anonymous>" "dev.hold" "plot.default" "plot" "image.default" "image" 
"image.default" "image" 
"image.default" "image" 
"image.default" "image" 
"diff.default" "diff" "image.default" "image" 
"image.default" "image" 
"image.default" "image" 
"ls" "match" "%in%" "find" "getAnywhere" "<Anonymous>" "do.call" "FUN" "lapply" "unlist" "unique" "<Anonymous>" "doTryCatch" "tryCatchOne" "tryCatchList" "tryCatch" "eval" "eval" "eval" "eval" "eval.parent" "local" 
"pmatch" ".deparseOpts" "deparse" "mode" "match" "%in%" "deparse" "as.data.frame.character" "as.data.frame" "data.frame" "methods" "doTryCatch" "tryCatchOne" "tryCatchList" "doTryCatch" "tryCatchOne" "tryCatchList" "tryCatch" "<Anonymous>" "doTryCatch" "tryCatchOne" "tryCatchList" "tryCatch" "eval" "eval" "eval" "eval" "eval.parent" "local" 
"as.numeric" "checkParams" 
"sub" "methods" "doTryCatch" "tryCatchOne" "tryCatchList" "doTryCatch" "tryCatchOne" "tryCatchList" "tryCatch" "<Anonymous>" "doTryCatch" "tryCatchOne" "tryCatchList" "tryCatch" "eval" "eval" "eval" "eval" "eval.parent" "local" 
"ls" "match" "%in%" "find" "getAnywhere" "<Anonymous>" "do.call" "FUN" "lapply" "unlist" "unique" "<Anonymous>" "doTryCatch" "tryCatchOne" "tryCatchList" "tryCatch" "eval" "eval" "eval" "eval" "eval.parent" "local" 
"FUN" "lapply" "methods" "doTryCatch" "tryCatchOne" "tryCatchList" "doTryCatch" "tryCatchOne" "tryCatchList" "tryCatch" "<Anonymous>" "doTryCatch" "tryCatchOne" "tryCatchList" "tryCatch" "eval" "eval" "eval" "eval" "eval.parent" "local" 
"ls" "match" "%in%" "find" "getAnywhere" "<Anonymous>" "do.call" "FUN" "lapply" "unlist" "unique" "<Anonymous>" "doTryCatch" "tryCatchOne" "tryCatchList" "tryCatch" "eval" "eval" "eval" "eval" "eval.parent" "local" 
"ls" "match" "%in%" "find" "getAnywhere" "<Anonymous>" "do.call" "FUN" "lapply" "unlist" "unique" "<Anonymous>" "doTryCatch" "tryCatchOne" "tryCatchList" "tryCatch" "eval" "eval" "eval" "eval" "eval.parent" "local" 
"FUN" "lapply" "methods" "doTryCatch" "tryCatchOne" "tryCatchList" "doTryCatch" "tryCatchOne" "tryCatchList" "tryCatch" "<Anonymous>" "doTryCatch" "tryCatchOne" "tryCatchList" "tryCatch" "eval" "eval" "eval" "eval" "eval.parent" "local" 
"source" 
"sub" "methods" "doTryCatch" "tryCatchOne" "tryCatchList" "doTryCatch" "tryCatchOne" "tryCatchList" "tryCatch" "<Anonymous>" "doTryCatch" "tryCatchOne" "tryCatchList" "tryCatch" "eval" "eval" "eval" "eval" "eval.parent" "local" 
"ls" "match" "%in%" "find" "getAnywhere" "<Anonymous>" "do.call" "FUN" "lapply" "unlist" "unique" "<Anonymous>" "doTryCatch" "tryCatchOne" "tryCatchList" "tryCatch" "eval" "eval" "eval" "eval" "eval.parent" "local" 
"ls" "match" "%in%" "find" "getAnywhere" "<Anonymous>" "do.call" "FUN" "lapply" "unlist" "unique" "<Anonymous>" "doTryCatch" "tryCatchOne" "tryCatchList" "tryCatch" "eval" "eval" "eval" "eval" "eval.parent" "local" 
"ls" "match" "%in%" "find" "getAnywhere" "<Anonymous>" "do.call" "FUN" "lapply" "unlist" "unique" "<Anonymous>" "doTryCatch" "tryCatchOne" "tryCatchList" "tryCatch" "eval" "eval" "eval" "eval" "eval.parent" "local" 
"source" 
"sin" "simulate" "bathy" "run" "test" 
"<Anonymous>" "dev.hold" "plot.default" "plot" "image.default" "image" "fish" "run" "test" 
"image.default" "image" "fish" "run" "test" 
"image.default" "image" "fish" "run" "test" 
"getArea" "sumGrid.sumSimple" "sumGrid" "sensors" "run" "test" 
"getArea" "sumGrid.sumSimple" "sumGrid" "sensors" "run" "test" 
"getArea" "sumGrid.sumSimple" "sumGrid" "sensors" "run" "test" 
"sum" "sumGrid.sumSimple" "sumGrid" "sensors" "run" "test" 
"sumGrid.sumSimple" "sumGrid" "sensors" "run" "test" 
"getArea" "sumGrid.sumSimple" "sumGrid" "sensors" "run" "test" 
"getArea" "sumGrid.sumSimple" "sumGrid" "sensors" "run" "test" 
"getArea" "sumGrid.sumSimple" "sumGrid" "sensors" "run" "test" 
"max" "getArea" "sumGrid.sumSimple" "sumGrid" "sensors" "run" "test" 
"getArea" "sumGrid.sumSimple" "sumGrid" "sensors" "run" "test" 
"+" "getArea" "sumGrid.sumSimple" "sumGrid" "sensors" "run" "test" 
"getArea" "sumGrid.sumSimple" "sumGrid" "sensors" "run" "test" 
"getArea" "sumGrid.sumSimple" "sumGrid" "sensors" "run" "test" 
"sumGrid.sumSimple" "sumGrid" "sensors" "run" "test" 
"sum" "sumGrid.sumSimple" "sumGrid" "sensors" "run" "test" 
"sumGrid.sumSimple" "sumGrid" "sensors" "run" "test" 
"-" "getArea" "sumGrid.sumSimple" "sumGrid" "sensors" "run" "test" 
"min" "getArea" "sumGrid.sumSimple" "sumGrid" "sensors" "run" "test" 
"sumGrid.sumSimple" "sumGrid" "sensors" "run" "test" 
"sumGrid.sumSimple" "sumGrid" "sensors" "run" "test" 
"getArea" "sumGrid.sumSimple" "sumGrid" "sensors" "run" "test" 
"getArea" "sumGrid.sumSimple" "sumGrid" "sensors" "run" "test" 
"getArea" "sumGrid.sumSimple" "sumGrid" "sensors" "run" "test" 
"sum" "sumGrid.sumSimple" "sumGrid" "sensors" "run" "test" 
"sum" "sumGrid.sumSimple" "sumGrid" "sensors" "run" "test" 
"sumGrid.sumSimple" "sumGrid" "sensors" "run" "test" 
"getArea" "sumGrid.sumSimple" "sumGrid" "sensors" "run" "test" 
"sum" "sumGrid.sumSimple" "sumGrid" "sensors" "run" "test" 
"getArea" "sumGrid.sumSimple" "sumGrid" "sensors" "run" "test" 
"sum" "sumGrid.sumSimple" "sumGrid" "sensors" "run" "test" 
"getArea" "sumGrid.sumSimple" "sumGrid" "sensors" "run" "test" 
"getArea" "sumGrid.sumSimple" "sumGrid" "sensors" "run" "test" 
"sumGrid.sumSimple" "sumGrid" "sensors" "run" "test" 
"sumGrid.sumSimple" "sumGrid" "sensors" "run" "test" 
"min" "getArea" "sumGrid.sumSimple" "sumGrid" "sensors" "run" "test" 
"stats" "run" "test" 
"stats" "run" "test" 
"stats" "run" "test" 
"image.default" "image" "graph" "run" "test" 
"image.default" "image" "graph" "run" "test" 
"contour.default" "contour" "graph" "run" "test" 
"dev.off" "graph" "run" "test" 
"image.default" "image" "graph" "run" "test" 
"dev.off" "graph" "run" "test" 
"image.default" "image" "graph" "run" "test" 
"dev.off" "graph" "run" "test" 
"image.default" "image" "graph" "run" "test" 
"dev.off" "graph" "run" "test" 
"diff" "image.default" "image" 
"<Anonymous>" "dev.hold" "plot.default" "plot" "image.default" "image" 
"image.default" "image" 
"image.default" "image" 
"image.default" "image" 
"image.default" "image" 
"FUN" "lapply" "methods" "doTryCatch" "tryCatchOne" "tryCatchList" "doTryCatch" "tryCatchOne" "tryCatchList" "tryCatch" "<Anonymous>" "doTryCatch" "tryCatchOne" "tryCatchList" "tryCatch" "eval" "eval" "eval" "eval" "eval.parent" "local" 
"matrix" "fish" "run" "test" 
"sumGrid.sumSimple" "sumGrid" "sensors" "run" "test" 
"-" "getArea" "sumGrid.sumSimple" "sumGrid" "sensors" "run" "test" 
"getArea" "sumGrid.sumSimple" "sumGrid" "sensors" "run" "test" 
"max" "getArea" "sumGrid.sumSimple" "sumGrid" "sensors" "run" "test" 
"sumGrid.sumSimple" "sumGrid" "sensors" "run" "test" 
"getArea" "sumGrid.sumSimple" "sumGrid" "sensors" "run" "test" 
"sumGrid.sumSimple" "sumGrid" "sensors" "run" "test" 
"sumGrid.sumSimple" "sumGrid" "sensors" "run" "test" 
"sumGrid.sumSimple" "sumGrid" "sensors" "run" "test" 
"sum" "sumGrid.sumSimple" "sumGrid" "sensors" "run" "test" 
"-" "getArea" "sumGrid.sumSimple" "sumGrid" "sensors" "run" "test" 
"sum" "sumGrid.sumSimple" "sumGrid" "sensors" "run" "test" 
"getArea" "sumGrid.sumSimple" "sumGrid" "sensors" "run" "test" 
"sumGrid.sumSimple" "sumGrid" "sensors" "run" "test" 
"sumGrid.sumSimple" "sumGrid" "sensors" "run" "test" 
"getArea" "sumGrid.sumSimple" "sumGrid" "sensors" "run" "test" 
"getArea" "sumGrid.sumSimple" "sumGrid" "sensors" "run" "test" 
"sumGrid.sumSimple" "sumGrid" "sensors" "run" "test" 
"sumGrid.sumSimple" "sumGrid" "sensors" "run" "test" 
"sumGrid.sumSimple" "sumGrid" "sensors" "run" "test" 
"sumGrid.sumSimple" "sumGrid" "sensors" "run" "test" 
"getArea" "sumGrid.sumSimple" "sumGrid" "sensors" "run" "test" 
"sumGrid.sumSimple" "sumGrid" "sensors" "run" "test" 
"min" "getArea" "sumGrid.sumSimple" "sumGrid" "sensors" "run" "test" 
"getArea" "sumGrid.sumSimple" "sumGrid" "sensors" "run" "test" 
"getArea" "sumGrid.sumSimple" "sumGrid" "sensors" "run" "test" 
"getArea" "sumGrid.sumSimple" "sumGrid" "sensors" "run" "test" 
"sumGrid.sumSimple" "sumGrid" "sensors" "run" "test" 
"sumGrid.sumSimple" "sumGrid" "sensors" "run" "test" 
"list" "getArea" "sumGrid.sumSimple" "sumGrid" "sensors" "run" "test" 
"sumGrid.sumSimple" "sumGrid" "sensors" "run" "test" 
"sumGrid.sumSimple" "sumGrid" "sensors" "run" "test" 
"getArea" "sumGrid.sumSimple" "sumGrid" "sensors" "run" "test" 
"sumGrid.sumSimple" "sumGrid" "sensors" "run" "test" 
"getArea" "sumGrid.sumSimple" "sumGrid" "sensors" "run" "test" 
"getArea" "sumGrid.sumSimple" "sumGrid" "sensors" "run" "test" 
"sum" "sumGrid.sumSimple" "sumGrid" "sensors" "run" "test" 
"sumGrid.sumSimple" "sumGrid" "sensors" "run" "test" 
"supress" "sensors" "run" "test" 
"dnorm" "shape.gauss" "do.call" "stats" "run" "test" 
"dnorm"